881  [restartedMain] INFO  c.d.s.web.SeawindWebApplication - Starting SeawindWebApplication on DESKTOP-OB29B68 with PID 10368 (D:\Develop\Java\Github\spring\dzs-seawind\sw-web\target\classes started by Henrik in D:\Develop\Java\Github\spring\dzs-seawind\sw-web)
889  [restartedMain] INFO  c.d.s.web.SeawindWebApplication - No active profile set, falling back to default profiles: default
3979 [restartedMain] INFO  o.a.catalina.core.StandardService - Starting service Tomcat
3982 [restartedMain] INFO  o.a.catalina.core.StandardEngine - Starting Servlet Engine: Apache Tomcat/8.5.5
4114 [localhost-startStop-1] INFO  o.a.c.c.C.[Tomcat].[localhost].[/] - Initializing Spring embedded WebApplicationContext
5269 [restartedMain] INFO  o.a.c.w.s.f.ReflectionServiceFactoryBean - Creating Service {http://www.codecentric.de/namespace/weatherservice/}Weather from WSDL: file:/D:/Develop/Java/Github/spring/dzs-seawind/sw-web/target/classes/service-api-definition/Weather1.0.wsdl
5602 [restartedMain] WARN  o.a.c.f.AbstractWSDLBasedEndpointFactory - Could not find endpoint/port for {http://endpoint.web.seawind.dzs.com/}WeatherServiceEndpointPort in wsdl. Using {http://www.codecentric.de/namespace/weatherservice/}WeatherService.
5619 [restartedMain] INFO  org.apache.cxf.endpoint.ServerImpl - Setting the server's publish address to be /WeatherSoapService_1.0
7383 [restartedMain] INFO  c.d.s.web.SeawindWebApplication - Started SeawindWebApplication in 7.134 seconds (JVM running for 7.666)
845  [restartedMain] INFO  c.d.s.web.SeawindWebApplication - Starting SeawindWebApplication on DESKTOP-OB29B68 with PID 3124 (D:\Develop\Java\Github\spring\dzs-seawind\sw-web\target\classes started by Henrik in D:\Develop\Java\Github\spring\dzs-seawind\sw-web)
850  [restartedMain] INFO  c.d.s.web.SeawindWebApplication - No active profile set, falling back to default profiles: default
3293 [restartedMain] INFO  o.a.catalina.core.StandardService - Starting service Tomcat
3295 [restartedMain] INFO  o.a.catalina.core.StandardEngine - Starting Servlet Engine: Apache Tomcat/8.5.5
3411 [localhost-startStop-1] INFO  o.a.c.c.C.[Tomcat].[localhost].[/] - Initializing Spring embedded WebApplicationContext
4546 [restartedMain] INFO  o.a.c.w.s.f.ReflectionServiceFactoryBean - Creating Service {http://www.codecentric.de/namespace/weatherservice/}Weather from WSDL: file:/D:/Develop/Java/Github/spring/dzs-seawind/sw-web/target/classes/service-api-definition/Weather1.0.wsdl
4886 [restartedMain] WARN  o.a.c.f.AbstractWSDLBasedEndpointFactory - Could not find endpoint/port for {http://endpoint.web.seawind.dzs.com/}WeatherServiceEndpointPort in wsdl. Using {http://www.codecentric.de/namespace/weatherservice/}WeatherService.
4903 [restartedMain] INFO  org.apache.cxf.endpoint.ServerImpl - Setting the server's publish address to be /WeatherSoapService_1.0
6620 [restartedMain] INFO  c.d.s.web.SeawindWebApplication - Started SeawindWebApplication in 6.375 seconds (JVM running for 6.905)
856  [main] INFO  d.j.t.e.WeatherServiceXmlFileSystemTest - Starting WeatherServiceXmlFileSystemTest on DESKTOP-OB29B68 with PID 11408 (started by Henrik in D:\Develop\Java\Github\spring\dzs-seawind\sw-web)
857  [main] INFO  d.j.t.e.WeatherServiceXmlFileSystemTest - No active profile set, falling back to default profiles: default
2616 [main] INFO  o.a.catalina.core.StandardService - Starting service Tomcat
2618 [main] INFO  o.a.catalina.core.StandardEngine - Starting Servlet Engine: Apache Tomcat/8.5.5
2734 [localhost-startStop-1] INFO  o.a.c.c.C.[Tomcat].[localhost].[/] - Initializing Spring embedded WebApplicationContext
3640 [main] INFO  o.a.c.w.s.f.ReflectionServiceFactoryBean - Creating Service {http://www.codecentric.de/namespace/weatherservice/}WeatherServiceService from class de.codecentric.namespace.weatherservice.WeatherService
4411 [main] INFO  o.a.c.w.s.f.ReflectionServiceFactoryBean - Creating Service {http://www.codecentric.de/namespace/weatherservice/}Weather from WSDL: file:/D:/Develop/Java/Github/spring/dzs-seawind/sw-web/target/classes/service-api-definition/Weather1.0.wsdl
4440 [main] WARN  o.a.c.f.AbstractWSDLBasedEndpointFactory - Could not find endpoint/port for {http://endpoint.web.seawind.dzs.com/}WeatherServiceEndpointPort in wsdl. Using {http://www.codecentric.de/namespace/weatherservice/}WeatherService.
4457 [main] INFO  org.apache.cxf.endpoint.ServerImpl - Setting the server's publish address to be /WeatherSoapService_1.0
5315 [main] INFO  d.j.t.e.WeatherServiceXmlFileSystemTest - Started WeatherServiceXmlFileSystemTest in 4.988 seconds (JVM running for 5.537)
5522 [main] INFO  d.c.c.l.s.SoapMessageLoggingOutInterceptor - <]=== Outbound-SoapMessage <]=== stored in ElasticsearchField 'soap-message-outbound'
5525 [main] INFO  o.a.c.s.W.W.WeatherService - 000 >>> Outbound Message:
<soap:Envelope xmlns:soap="http://schemas.xmlsoap.org/soap/envelope/">
  <soap:Body>
    <GetCityForecastByZIP xmlns="http://www.codecentric.de/namespace/weatherservice/general" xmlns:ns2="http://www.codecentric.de/namespace/weatherservice/exception" xmlns:ns3="http://www.codecentric.de/namespace/weatherservice/datatypes" xmlns:xmime="http://www.w3.org/2005/05/xmlmime">
      <ForecastRequest>
        <ZIP>99425</ZIP>
        <flagcolor>bluewhite</flagcolor>
        <productName>ForecastBasic</productName>
        <ForecastCustomer>
          <Age>30</Age>
          <Contribution>5000</Contribution>
          <MethodOfPayment>Paypal</MethodOfPayment>
        </ForecastCustomer>
      </ForecastRequest>
    </GetCityForecastByZIP>
  </soap:Body>
</soap:Envelope>

5636 [http-nio-8090-exec-1] INFO  d.c.c.l.s.SoapMessageLoggingInInterceptor - ===[> Inbound-SoapMessage ===[> stored in ElasticsearchField 'soap-message-inbound'
5637 [http-nio-8090-exec-1] INFO  d.c.c.l.s.SoapMessageLoggingInInterceptor - 001 >>> Header in Inbound-HTTP-Message stored in Elasticsearch-Field 'http-header-inbound'
5637 [http-nio-8090-exec-1] INFO  o.a.c.s.W.W.WeatherService - 000 >>> Inbound Message:
<soap:Envelope xmlns:soap="http://schemas.xmlsoap.org/soap/envelope/"><soap:Body><GetCityForecastByZIP xmlns="http://www.codecentric.de/namespace/weatherservice/general" xmlns:ns2="http://www.codecentric.de/namespace/weatherservice/exception" xmlns:ns3="http://www.codecentric.de/namespace/weatherservice/datatypes" xmlns:xmime="http://www.w3.org/2005/05/xmlmime"><ForecastRequest><ZIP>99425</ZIP><flagcolor>bluewhite</flagcolor><productName>ForecastBasic</productName><ForecastCustomer><Age>30</Age><Contribution>5000</Contribution><MethodOfPayment>Paypal</MethodOfPayment></ForecastCustomer></ForecastRequest></GetCityForecastByZIP></soap:Body></soap:Envelope>
5696 [http-nio-8090-exec-1] INFO  d.c.c.l.s.SoapMessageLoggingOutInterceptor - <]=== Outbound-SoapMessage <]=== stored in ElasticsearchField 'soap-message-outbound'
5704 [http-nio-8090-exec-1] INFO  o.a.c.s.W.W.WeatherService - 000 >>> Outbound Message:
<soap:Envelope xmlns:soap="http://schemas.xmlsoap.org/soap/envelope/">
  <soap:Body>
    <GetCityForecastByZIPResponse xmlns="http://www.codecentric.de/namespace/weatherservice/general" xmlns:ns2="http://www.codecentric.de/namespace/weatherservice/exception" xmlns:ns3="http://www.codecentric.de/namespace/weatherservice/datatypes" xmlns:xmime="http://www.w3.org/2005/05/xmlmime">
      <GetCityForecastByZIPResult>
        <Success>true</Success>
        <State>Deutschland</State>
        <City>Weimar</City>
        <WeatherStationCity>Weimar</WeatherStationCity>
        <ForecastResult>
          <ns3:Forecast>
            <ns3:Date>2017-05-22T14:19:06.461+07:00</ns3:Date>
            <ns3:WeatherID>0</ns3:WeatherID>
            <ns3:Desciption>Vorhersage für Weimar</ns3:Desciption>
            <ns3:Temperatures>
              <ns3:MorningLow>0°</ns3:MorningLow>
              <ns3:DaytimeHigh>90°</ns3:DaytimeHigh>
            </ns3:Temperatures>
            <ns3:ProbabilityOfPrecipiation>
              <ns3:Nighttime>5000%</ns3:Nighttime>
              <ns3:Daytime>22%</ns3:Daytime>
            </ns3:ProbabilityOfPrecipiation>
          </ns3:Forecast>
        </ForecastResult>
      </GetCityForecastByZIPResult>
    </GetCityForecastByZIPResponse>
  </soap:Body>
</soap:Envelope>

5709 [http-nio-8090-exec-1] INFO  d.c.c.logging.LogCorrelationFilter - 009 >>> Calltime: 86
5713 [main] INFO  d.c.c.l.s.SoapMessageLoggingInInterceptor - ===[> Inbound-SoapMessage ===[> stored in ElasticsearchField 'soap-message-inbound'
5714 [main] INFO  d.c.c.l.s.SoapMessageLoggingInInterceptor - 001 >>> Header in Inbound-HTTP-Message stored in Elasticsearch-Field 'http-header-inbound'
5720 [main] INFO  o.a.c.s.W.W.WeatherService - 000 >>> Inbound Message:
<soap:Envelope xmlns:soap="http://schemas.xmlsoap.org/soap/envelope/"><soap:Body><GetCityForecastByZIPResponse xmlns="http://www.codecentric.de/namespace/weatherservice/general" xmlns:ns2="http://www.codecentric.de/namespace/weatherservice/exception" xmlns:ns3="http://www.codecentric.de/namespace/weatherservice/datatypes" xmlns:xmime="http://www.w3.org/2005/05/xmlmime"><GetCityForecastByZIPResult><Success>true</Success><State>Deutschland</State><City>Weimar</City><WeatherStationCity>Weimar</WeatherStationCity><ForecastResult><ns3:Forecast><ns3:Date>2017-05-22T14:19:06.461+07:00</ns3:Date><ns3:WeatherID>0</ns3:WeatherID><ns3:Desciption>Vorhersage für Weimar</ns3:Desciption><ns3:Temperatures><ns3:MorningLow>0°</ns3:MorningLow><ns3:DaytimeHigh>90°</ns3:DaytimeHigh></ns3:Temperatures><ns3:ProbabilityOfPrecipiation><ns3:Nighttime>5000%</ns3:Nighttime><ns3:Daytime>22%</ns3:Daytime></ns3:ProbabilityOfPrecipiation></ns3:Forecast></ForecastResult></GetCityForecastByZIPResult></GetCityForecastByZIPResponse></soap:Body></soap:Envelope>
1030 [main] INFO  d.j.t.e.WeatherServiceXmlFileSystemTest - Starting WeatherServiceXmlFileSystemTest on DESKTOP-OB29B68 with PID 3104 (started by Henrik in D:\Develop\Java\Github\spring\dzs-seawind\sw-web)
1032 [main] INFO  d.j.t.e.WeatherServiceXmlFileSystemTest - No active profile set, falling back to default profiles: default
3175 [main] INFO  o.a.catalina.core.StandardService - Starting service Tomcat
3177 [main] INFO  o.a.catalina.core.StandardEngine - Starting Servlet Engine: Apache Tomcat/8.5.5
3282 [localhost-startStop-1] INFO  o.a.c.c.C.[Tomcat].[localhost].[/] - Initializing Spring embedded WebApplicationContext
4335 [main] INFO  o.a.c.w.s.f.ReflectionServiceFactoryBean - Creating Service {http://www.codecentric.de/namespace/weatherservice/}WeatherServiceService from class de.codecentric.namespace.weatherservice.WeatherService
5206 [main] INFO  o.a.c.w.s.f.ReflectionServiceFactoryBean - Creating Service {http://www.codecentric.de/namespace/weatherservice/}Weather from WSDL: file:/D:/Develop/Java/Github/spring/dzs-seawind/sw-web/target/classes/service-api-definition/Weather1.0.wsdl
5239 [main] WARN  o.a.c.f.AbstractWSDLBasedEndpointFactory - Could not find endpoint/port for {http://endpoint.web.seawind.dzs.com/}WeatherServiceEndpointPort in wsdl. Using {http://www.codecentric.de/namespace/weatherservice/}WeatherService.
5256 [main] INFO  org.apache.cxf.endpoint.ServerImpl - Setting the server's publish address to be /WeatherSoapService_1.0
6552 [main] INFO  d.j.t.e.WeatherServiceXmlFileSystemTest - Started WeatherServiceXmlFileSystemTest in 6.173 seconds (JVM running for 6.891)
6832 [main] INFO  d.c.c.l.s.SoapMessageLoggingOutInterceptor - <]=== Outbound-SoapMessage <]=== stored in ElasticsearchField 'soap-message-outbound'
6835 [main] INFO  o.a.c.s.W.W.WeatherService - 000 >>> Outbound Message:
<soap:Envelope xmlns:soap="http://schemas.xmlsoap.org/soap/envelope/">
  <soap:Body>
    <GetCityForecastByZIP xmlns="http://www.codecentric.de/namespace/weatherservice/general" xmlns:ns2="http://www.codecentric.de/namespace/weatherservice/exception" xmlns:ns3="http://www.codecentric.de/namespace/weatherservice/datatypes" xmlns:xmime="http://www.w3.org/2005/05/xmlmime">
      <ForecastRequest>
        <ZIP>99425</ZIP>
        <flagcolor>bluewhite</flagcolor>
        <productName>ForecastBasic</productName>
        <ForecastCustomer>
          <Age>30</Age>
          <Contribution>5000</Contribution>
          <MethodOfPayment>Paypal</MethodOfPayment>
        </ForecastCustomer>
      </ForecastRequest>
    </GetCityForecastByZIP>
  </soap:Body>
</soap:Envelope>

6930 [http-nio-8090-exec-1] INFO  d.c.c.l.s.SoapMessageLoggingInInterceptor - ===[> Inbound-SoapMessage ===[> stored in ElasticsearchField 'soap-message-inbound'
6931 [http-nio-8090-exec-1] INFO  d.c.c.l.s.SoapMessageLoggingInInterceptor - 001 >>> Header in Inbound-HTTP-Message stored in Elasticsearch-Field 'http-header-inbound'
6931 [http-nio-8090-exec-1] INFO  o.a.c.s.W.W.WeatherService - 000 >>> Inbound Message:
<soap:Envelope xmlns:soap="http://schemas.xmlsoap.org/soap/envelope/"><soap:Body><GetCityForecastByZIP xmlns="http://www.codecentric.de/namespace/weatherservice/general" xmlns:ns2="http://www.codecentric.de/namespace/weatherservice/exception" xmlns:ns3="http://www.codecentric.de/namespace/weatherservice/datatypes" xmlns:xmime="http://www.w3.org/2005/05/xmlmime"><ForecastRequest><ZIP>99425</ZIP><flagcolor>bluewhite</flagcolor><productName>ForecastBasic</productName><ForecastCustomer><Age>30</Age><Contribution>5000</Contribution><MethodOfPayment>Paypal</MethodOfPayment></ForecastCustomer></ForecastRequest></GetCityForecastByZIP></soap:Body></soap:Envelope>
33469 [http-nio-8090-exec-1] INFO  d.c.c.l.s.SoapMessageLoggingOutInterceptor - <]=== Outbound-SoapMessage <]=== stored in ElasticsearchField 'soap-message-outbound'
33475 [http-nio-8090-exec-1] INFO  o.a.c.s.W.W.WeatherService - 000 >>> Outbound Message:
<soap:Envelope xmlns:soap="http://schemas.xmlsoap.org/soap/envelope/">
  <soap:Body>
    <GetCityForecastByZIPResponse xmlns="http://www.codecentric.de/namespace/weatherservice/general" xmlns:ns2="http://www.codecentric.de/namespace/weatherservice/exception" xmlns:ns3="http://www.codecentric.de/namespace/weatherservice/datatypes" xmlns:xmime="http://www.w3.org/2005/05/xmlmime">
      <GetCityForecastByZIPResult>
        <Success>true</Success>
        <State>Deutschland</State>
        <City>Weimar</City>
        <WeatherStationCity>Weimar</WeatherStationCity>
        <ForecastResult>
          <ns3:Forecast>
            <ns3:Date>2017-05-22T14:20:09.888+07:00</ns3:Date>
            <ns3:WeatherID>0</ns3:WeatherID>
            <ns3:Desciption>Vorhersage für Weimar</ns3:Desciption>
            <ns3:Temperatures>
              <ns3:MorningLow>0°</ns3:MorningLow>
              <ns3:DaytimeHigh>90°</ns3:DaytimeHigh>
            </ns3:Temperatures>
            <ns3:ProbabilityOfPrecipiation>
              <ns3:Nighttime>5000%</ns3:Nighttime>
              <ns3:Daytime>22%</ns3:Daytime>
            </ns3:ProbabilityOfPrecipiation>
          </ns3:Forecast>
        </ForecastResult>
      </GetCityForecastByZIPResult>
    </GetCityForecastByZIPResponse>
  </soap:Body>
</soap:Envelope>

33479 [http-nio-8090-exec-1] INFO  d.c.c.logging.LogCorrelationFilter - 009 >>> Calltime: 26561
33484 [main] INFO  d.c.c.l.s.SoapMessageLoggingInInterceptor - ===[> Inbound-SoapMessage ===[> stored in ElasticsearchField 'soap-message-inbound'
33484 [main] INFO  d.c.c.l.s.SoapMessageLoggingInInterceptor - 001 >>> Header in Inbound-HTTP-Message stored in Elasticsearch-Field 'http-header-inbound'
33489 [main] INFO  o.a.c.s.W.W.WeatherService - 000 >>> Inbound Message:
<soap:Envelope xmlns:soap="http://schemas.xmlsoap.org/soap/envelope/"><soap:Body><GetCityForecastByZIPResponse xmlns="http://www.codecentric.de/namespace/weatherservice/general" xmlns:ns2="http://www.codecentric.de/namespace/weatherservice/exception" xmlns:ns3="http://www.codecentric.de/namespace/weatherservice/datatypes" xmlns:xmime="http://www.w3.org/2005/05/xmlmime"><GetCityForecastByZIPResult><Success>true</Success><State>Deutschland</State><City>Weimar</City><WeatherStationCity>Weimar</WeatherStationCity><ForecastResult><ns3:Forecast><ns3:Date>2017-05-22T14:20:09.888+07:00</ns3:Date><ns3:WeatherID>0</ns3:WeatherID><ns3:Desciption>Vorhersage für Weimar</ns3:Desciption><ns3:Temperatures><ns3:MorningLow>0°</ns3:MorningLow><ns3:DaytimeHigh>90°</ns3:DaytimeHigh></ns3:Temperatures><ns3:ProbabilityOfPrecipiation><ns3:Nighttime>5000%</ns3:Nighttime><ns3:Daytime>22%</ns3:Daytime></ns3:ProbabilityOfPrecipiation></ns3:Forecast></ForecastResult></GetCityForecastByZIPResult></GetCityForecastByZIPResponse></soap:Body></soap:Envelope>
727  [restartedMain] INFO  c.d.s.web.SeawindWebApplication - Starting SeawindWebApplication on DESKTOP-OB29B68 with PID 4668 (D:\Develop\Java\Github\spring\dzs-seawind\sw-web\target\classes started by Henrik in D:\Develop\Java\Github\spring\dzs-seawind\sw-web)
731  [restartedMain] INFO  c.d.s.web.SeawindWebApplication - No active profile set, falling back to default profiles: default
2782 [restartedMain] INFO  o.a.catalina.core.StandardService - Starting service Tomcat
2784 [restartedMain] INFO  o.a.catalina.core.StandardEngine - Starting Servlet Engine: Apache Tomcat/8.5.5
2900 [localhost-startStop-1] INFO  o.a.c.c.C.[Tomcat].[localhost].[/] - Initializing Spring embedded WebApplicationContext
3720 [restartedMain] INFO  o.a.c.w.s.f.ReflectionServiceFactoryBean - Creating Service {http://www.codecentric.de/namespace/weatherservice/}Weather from WSDL: file:/D:/Develop/Java/Github/spring/dzs-seawind/sw-web/src/main/resources/service-api-definition/Weather1.0.wsdl
4097 [restartedMain] WARN  o.a.c.f.AbstractWSDLBasedEndpointFactory - Could not find endpoint/port for {http://endpoint.web.seawind.dzs.com/}WeatherServiceEndpointPort in wsdl. Using {http://www.codecentric.de/namespace/weatherservice/}WeatherService.
4111 [restartedMain] INFO  org.apache.cxf.endpoint.ServerImpl - Setting the server's publish address to be /WeatherSoapService_1.0
5251 [restartedMain] INFO  c.d.s.web.SeawindWebApplication - Started SeawindWebApplication in 5.029 seconds (JVM running for 5.405)
14525 [http-nio-8080-exec-1] INFO  d.c.c.logging.LogCorrelationFilter - 009 >>> Calltime: 5
14542 [http-nio-8080-exec-2] INFO  d.c.c.logging.LogCorrelationFilter - 009 >>> Calltime: 1
23870 [http-nio-8080-exec-3] INFO  d.c.c.l.s.SoapMessageLoggingInInterceptor - 001 >>> Header in Inbound-HTTP-Message stored in Elasticsearch-Field 'http-header-inbound'
23870 [http-nio-8080-exec-3] INFO  o.a.c.s.W.W.WeatherService - 
23904 [http-nio-8080-exec-3] INFO  d.c.c.logging.LogCorrelationFilter - 009 >>> Calltime: 79
50625 [http-nio-8080-exec-4] INFO  d.c.c.l.s.SoapMessageLoggingInInterceptor - 001 >>> Header in Inbound-HTTP-Message stored in Elasticsearch-Field 'http-header-inbound'
50625 [http-nio-8080-exec-4] INFO  o.a.c.s.W.W.WeatherService - 
50639 [http-nio-8080-exec-4] INFO  d.c.c.logging.LogCorrelationFilter - 009 >>> Calltime: 15
55459 [http-nio-8080-exec-5] WARN  o.a.c.t.servlet.ServletController - Can't find the the request for http://localhost:8080/soap-api/DeviceSoapService_1.0's Observer 
55460 [http-nio-8080-exec-5] INFO  d.c.c.logging.LogCorrelationFilter - 009 >>> Calltime: 1
60659 [http-nio-8080-exec-6] WARN  o.a.c.t.servlet.ServletController - Can't find the the request for http://localhost:8080/soap-api/Device's Observer 
60666 [http-nio-8080-exec-6] INFO  d.c.c.logging.LogCorrelationFilter - 009 >>> Calltime: 8
64820 [http-nio-8080-exec-7] WARN  o.a.c.t.servlet.ServletController - Can't find the the request for http://localhost:8080/soap-api/Device's Observer 
64826 [http-nio-8080-exec-7] INFO  d.c.c.logging.LogCorrelationFilter - 009 >>> Calltime: 6
573011 [restartedMain] INFO  c.d.s.web.SeawindWebApplication - Starting SeawindWebApplication on DESKTOP-OB29B68 with PID 4668 (D:\Develop\Java\Github\spring\dzs-seawind\sw-web\target\classes started by Henrik in D:\Develop\Java\Github\spring\dzs-seawind\sw-web)
573012 [restartedMain] INFO  c.d.s.web.SeawindWebApplication - No active profile set, falling back to default profiles: default
573713 [restartedMain] INFO  o.a.catalina.core.StandardService - Starting service Tomcat
573714 [restartedMain] INFO  o.a.catalina.core.StandardEngine - Starting Servlet Engine: Apache Tomcat/8.5.5
573723 [localhost-startStop-1] INFO  o.a.c.c.C.[Tomcat].[localhost].[/] - Initializing Spring embedded WebApplicationContext
573881 [restartedMain] INFO  o.a.c.w.s.f.ReflectionServiceFactoryBean - Creating Service {http://www.codecentric.de/namespace/weatherservice/}Weather from WSDL: file:/D:/Develop/Java/Github/spring/dzs-seawind/sw-web/src/main/resources/service-api-definition/Weather1.0.wsdl
573972 [restartedMain] WARN  o.a.c.f.AbstractWSDLBasedEndpointFactory - Could not find endpoint/port for {http://endpoint.web.seawind.dzs.com/}WeatherServiceEndpointPort in wsdl. Using {http://www.codecentric.de/namespace/weatherservice/}WeatherService.
573976 [restartedMain] INFO  org.apache.cxf.endpoint.ServerImpl - Setting the server's publish address to be /WeatherSoapService_1.0
573981 [restartedMain] INFO  o.a.c.w.s.f.ReflectionServiceFactoryBean - Creating Service {http://www.codecentric.de/namespace/weatherservice/}Weather from WSDL: file:/D:/Develop/Java/Github/spring/dzs-seawind/sw-web/src/main/resources/service-api-definition/Weather1.0.wsdl
573985 [restartedMain] WARN  o.s.b.c.e.AnnotationConfigEmbeddedWebApplicationContext - Exception encountered during context initialization - cancelling refresh attempt: org.springframework.beans.factory.BeanCreationException: Error creating bean with name 'endpoint' defined in class path resource [com/dzs/seawind/web/configuration/SimpleBootCxfConfiguration.class]: Bean instantiation via factory method failed; nested exception is org.springframework.beans.BeanInstantiationException: Failed to instantiate [javax.xml.ws.Endpoint]: Factory method 'endpoint' threw exception; nested exception is javax.xml.ws.WebServiceException: org.apache.cxf.service.factory.ServiceConstructionException: Could not find portType named {http://www.codecentric.de/namespace/deviceservice/}DeviceService
573987 [restartedMain] INFO  o.a.catalina.core.StandardService - Stopping service Tomcat
574000 [restartedMain] ERROR o.s.boot.SpringApplication - Application startup failed
org.springframework.beans.factory.BeanCreationException: Error creating bean with name 'endpoint' defined in class path resource [com/dzs/seawind/web/configuration/SimpleBootCxfConfiguration.class]: Bean instantiation via factory method failed; nested exception is org.springframework.beans.BeanInstantiationException: Failed to instantiate [javax.xml.ws.Endpoint]: Factory method 'endpoint' threw exception; nested exception is javax.xml.ws.WebServiceException: org.apache.cxf.service.factory.ServiceConstructionException: Could not find portType named {http://www.codecentric.de/namespace/deviceservice/}DeviceService
	at org.springframework.beans.factory.support.ConstructorResolver.instantiateUsingFactoryMethod(ConstructorResolver.java:599)
	at org.springframework.beans.factory.support.AbstractAutowireCapableBeanFactory.instantiateUsingFactoryMethod(AbstractAutowireCapableBeanFactory.java:1128)
	at org.springframework.beans.factory.support.AbstractAutowireCapableBeanFactory.createBeanInstance(AbstractAutowireCapableBeanFactory.java:1023)
	at org.springframework.beans.factory.support.AbstractAutowireCapableBeanFactory.doCreateBean(AbstractAutowireCapableBeanFactory.java:510)
	at org.springframework.beans.factory.support.AbstractAutowireCapableBeanFactory.createBean(AbstractAutowireCapableBeanFactory.java:482)
	at org.springframework.beans.factory.support.AbstractBeanFactory$1.getObject(AbstractBeanFactory.java:306)
	at org.springframework.beans.factory.support.DefaultSingletonBeanRegistry.getSingleton(DefaultSingletonBeanRegistry.java:230)
	at org.springframework.beans.factory.support.AbstractBeanFactory.doGetBean(AbstractBeanFactory.java:302)
	at org.springframework.beans.factory.support.AbstractBeanFactory.getBean(AbstractBeanFactory.java:197)
	at org.springframework.beans.factory.support.DefaultListableBeanFactory.preInstantiateSingletons(DefaultListableBeanFactory.java:751)
	at org.springframework.context.support.AbstractApplicationContext.finishBeanFactoryInitialization(AbstractApplicationContext.java:861)
	at org.springframework.context.support.AbstractApplicationContext.refresh(AbstractApplicationContext.java:541)
	at org.springframework.boot.context.embedded.EmbeddedWebApplicationContext.refresh(EmbeddedWebApplicationContext.java:122)
	at org.springframework.boot.SpringApplication.refresh(SpringApplication.java:761)
	at org.springframework.boot.SpringApplication.refreshContext(SpringApplication.java:371)
	at org.springframework.boot.SpringApplication.run(SpringApplication.java:315)
	at org.springframework.boot.SpringApplication.run(SpringApplication.java:1186)
	at org.springframework.boot.SpringApplication.run(SpringApplication.java:1175)
	at com.dzs.seawind.web.SeawindWebApplication.main(SeawindWebApplication.java:10)
	at sun.reflect.NativeMethodAccessorImpl.invoke0(Native Method)
	at sun.reflect.NativeMethodAccessorImpl.invoke(NativeMethodAccessorImpl.java:62)
	at sun.reflect.DelegatingMethodAccessorImpl.invoke(DelegatingMethodAccessorImpl.java:43)
	at java.lang.reflect.Method.invoke(Method.java:498)
	at org.springframework.boot.devtools.restart.RestartLauncher.run(RestartLauncher.java:49)
Caused by: org.springframework.beans.BeanInstantiationException: Failed to instantiate [javax.xml.ws.Endpoint]: Factory method 'endpoint' threw exception; nested exception is javax.xml.ws.WebServiceException: org.apache.cxf.service.factory.ServiceConstructionException: Could not find portType named {http://www.codecentric.de/namespace/deviceservice/}DeviceService
	at org.springframework.beans.factory.support.SimpleInstantiationStrategy.instantiate(SimpleInstantiationStrategy.java:189)
	at org.springframework.beans.factory.support.ConstructorResolver.instantiateUsingFactoryMethod(ConstructorResolver.java:588)
	... 23 common frames omitted
Caused by: javax.xml.ws.WebServiceException: org.apache.cxf.service.factory.ServiceConstructionException: Could not find portType named {http://www.codecentric.de/namespace/deviceservice/}DeviceService
	at org.apache.cxf.jaxws.EndpointImpl.doPublish(EndpointImpl.java:375)
	at org.apache.cxf.jaxws.EndpointImpl.publish(EndpointImpl.java:255)
	at com.dzs.seawind.web.configuration.SimpleBootCxfConfiguration.endpoint(SimpleBootCxfConfiguration.java:49)
	at com.dzs.seawind.web.configuration.SimpleBootCxfConfiguration$$EnhancerBySpringCGLIB$$b01745db.CGLIB$endpoint$2(<generated>)
	at com.dzs.seawind.web.configuration.SimpleBootCxfConfiguration$$EnhancerBySpringCGLIB$$b01745db$$FastClassBySpringCGLIB$$ab35583c.invoke(<generated>)
	at org.springframework.cglib.proxy.MethodProxy.invokeSuper(MethodProxy.java:228)
	at org.springframework.context.annotation.ConfigurationClassEnhancer$BeanMethodInterceptor.intercept(ConfigurationClassEnhancer.java:356)
	at com.dzs.seawind.web.configuration.SimpleBootCxfConfiguration$$EnhancerBySpringCGLIB$$b01745db.endpoint(<generated>)
	at sun.reflect.NativeMethodAccessorImpl.invoke0(Native Method)
	at sun.reflect.NativeMethodAccessorImpl.invoke(NativeMethodAccessorImpl.java:62)
	at sun.reflect.DelegatingMethodAccessorImpl.invoke(DelegatingMethodAccessorImpl.java:43)
	at java.lang.reflect.Method.invoke(Method.java:498)
	at org.springframework.beans.factory.support.SimpleInstantiationStrategy.instantiate(SimpleInstantiationStrategy.java:162)
	... 24 common frames omitted
Caused by: org.apache.cxf.service.factory.ServiceConstructionException: Could not find portType named {http://www.codecentric.de/namespace/deviceservice/}DeviceService
	at org.apache.cxf.wsdl.service.factory.ReflectionServiceFactoryBean.getInterfaceInfo(ReflectionServiceFactoryBean.java:633)
	at org.apache.cxf.wsdl.service.factory.ReflectionServiceFactoryBean.initializeWSDLOperations(ReflectionServiceFactoryBean.java:641)
	at org.apache.cxf.jaxws.support.JaxWsServiceFactoryBean.initializeWSDLOperations(JaxWsServiceFactoryBean.java:287)
	at org.apache.cxf.wsdl.service.factory.ReflectionServiceFactoryBean.buildServiceFromWSDL(ReflectionServiceFactoryBean.java:417)
	at org.apache.cxf.wsdl.service.factory.ReflectionServiceFactoryBean.initializeServiceModel(ReflectionServiceFactoryBean.java:527)
	at org.apache.cxf.wsdl.service.factory.ReflectionServiceFactoryBean.create(ReflectionServiceFactoryBean.java:262)
	at org.apache.cxf.jaxws.support.JaxWsServiceFactoryBean.create(JaxWsServiceFactoryBean.java:199)
	at org.apache.cxf.frontend.AbstractWSDLBasedEndpointFactory.createEndpoint(AbstractWSDLBasedEndpointFactory.java:102)
	at org.apache.cxf.frontend.ServerFactoryBean.create(ServerFactoryBean.java:168)
	at org.apache.cxf.jaxws.JaxWsServerFactoryBean.create(JaxWsServerFactoryBean.java:211)
	at org.apache.cxf.jaxws.EndpointImpl.getServer(EndpointImpl.java:460)
	at org.apache.cxf.jaxws.EndpointImpl.doPublish(EndpointImpl.java:338)
	... 36 common frames omitted
688964 [restartedMain] INFO  c.d.s.web.SeawindWebApplication - Starting SeawindWebApplication on DESKTOP-OB29B68 with PID 4668 (D:\Develop\Java\Github\spring\dzs-seawind\sw-web\target\classes started by Henrik in D:\Develop\Java\Github\spring\dzs-seawind\sw-web)
688964 [restartedMain] INFO  c.d.s.web.SeawindWebApplication - No active profile set, falling back to default profiles: default
690183 [restartedMain] INFO  o.a.catalina.core.StandardService - Starting service Tomcat
690185 [restartedMain] INFO  o.a.catalina.core.StandardEngine - Starting Servlet Engine: Apache Tomcat/8.5.5
690223 [localhost-startStop-1] INFO  o.a.c.c.C.[Tomcat].[localhost].[/] - Initializing Spring embedded WebApplicationContext
690354 [restartedMain] INFO  o.a.c.w.s.f.ReflectionServiceFactoryBean - Creating Service {http://www.codecentric.de/namespace/weatherservice/}Weather from WSDL: file:/D:/Develop/Java/Github/spring/dzs-seawind/sw-web/src/main/resources/service-api-definition/Weather1.0.wsdl
690508 [restartedMain] WARN  o.a.c.f.AbstractWSDLBasedEndpointFactory - Could not find endpoint/port for {http://endpoint.web.seawind.dzs.com/}WeatherServiceEndpointPort in wsdl. Using {http://www.codecentric.de/namespace/weatherservice/}WeatherService.
690514 [restartedMain] INFO  org.apache.cxf.endpoint.ServerImpl - Setting the server's publish address to be /WeatherSoapService_1.0
690539 [restartedMain] INFO  o.a.c.w.s.f.ReflectionServiceFactoryBean - Creating Service {http://www.codecentric.de/namespace/weatherservice/}Weather from WSDL: file:/D:/Develop/Java/Github/spring/dzs-seawind/sw-web/src/main/resources/service-api-definition/Weather1.0.wsdl
690541 [restartedMain] WARN  o.s.b.c.e.AnnotationConfigEmbeddedWebApplicationContext - Exception encountered during context initialization - cancelling refresh attempt: org.springframework.beans.factory.BeanCreationException: Error creating bean with name 'endpoint' defined in class path resource [com/dzs/seawind/web/configuration/SimpleBootCxfConfiguration.class]: Bean instantiation via factory method failed; nested exception is org.springframework.beans.BeanInstantiationException: Failed to instantiate [javax.xml.ws.Endpoint]: Factory method 'endpoint' threw exception; nested exception is javax.xml.ws.WebServiceException: org.apache.cxf.service.factory.ServiceConstructionException: Could not find portType named {http://www.codecentric.de/namespace/deviceservice/}DeviceService
690542 [restartedMain] INFO  o.a.catalina.core.StandardService - Stopping service Tomcat
690560 [restartedMain] ERROR o.s.boot.SpringApplication - Application startup failed
org.springframework.beans.factory.BeanCreationException: Error creating bean with name 'endpoint' defined in class path resource [com/dzs/seawind/web/configuration/SimpleBootCxfConfiguration.class]: Bean instantiation via factory method failed; nested exception is org.springframework.beans.BeanInstantiationException: Failed to instantiate [javax.xml.ws.Endpoint]: Factory method 'endpoint' threw exception; nested exception is javax.xml.ws.WebServiceException: org.apache.cxf.service.factory.ServiceConstructionException: Could not find portType named {http://www.codecentric.de/namespace/deviceservice/}DeviceService
	at org.springframework.beans.factory.support.ConstructorResolver.instantiateUsingFactoryMethod(ConstructorResolver.java:599)
	at org.springframework.beans.factory.support.AbstractAutowireCapableBeanFactory.instantiateUsingFactoryMethod(AbstractAutowireCapableBeanFactory.java:1128)
	at org.springframework.beans.factory.support.AbstractAutowireCapableBeanFactory.createBeanInstance(AbstractAutowireCapableBeanFactory.java:1023)
	at org.springframework.beans.factory.support.AbstractAutowireCapableBeanFactory.doCreateBean(AbstractAutowireCapableBeanFactory.java:510)
	at org.springframework.beans.factory.support.AbstractAutowireCapableBeanFactory.createBean(AbstractAutowireCapableBeanFactory.java:482)
	at org.springframework.beans.factory.support.AbstractBeanFactory$1.getObject(AbstractBeanFactory.java:306)
	at org.springframework.beans.factory.support.DefaultSingletonBeanRegistry.getSingleton(DefaultSingletonBeanRegistry.java:230)
	at org.springframework.beans.factory.support.AbstractBeanFactory.doGetBean(AbstractBeanFactory.java:302)
	at org.springframework.beans.factory.support.AbstractBeanFactory.getBean(AbstractBeanFactory.java:197)
	at org.springframework.beans.factory.support.DefaultListableBeanFactory.preInstantiateSingletons(DefaultListableBeanFactory.java:751)
	at org.springframework.context.support.AbstractApplicationContext.finishBeanFactoryInitialization(AbstractApplicationContext.java:861)
	at org.springframework.context.support.AbstractApplicationContext.refresh(AbstractApplicationContext.java:541)
	at org.springframework.boot.context.embedded.EmbeddedWebApplicationContext.refresh(EmbeddedWebApplicationContext.java:122)
	at org.springframework.boot.SpringApplication.refresh(SpringApplication.java:761)
	at org.springframework.boot.SpringApplication.refreshContext(SpringApplication.java:371)
	at org.springframework.boot.SpringApplication.run(SpringApplication.java:315)
	at org.springframework.boot.SpringApplication.run(SpringApplication.java:1186)
	at org.springframework.boot.SpringApplication.run(SpringApplication.java:1175)
	at com.dzs.seawind.web.SeawindWebApplication.main(SeawindWebApplication.java:10)
	at sun.reflect.NativeMethodAccessorImpl.invoke0(Native Method)
	at sun.reflect.NativeMethodAccessorImpl.invoke(NativeMethodAccessorImpl.java:62)
	at sun.reflect.DelegatingMethodAccessorImpl.invoke(DelegatingMethodAccessorImpl.java:43)
	at java.lang.reflect.Method.invoke(Method.java:498)
	at org.springframework.boot.devtools.restart.RestartLauncher.run(RestartLauncher.java:49)
Caused by: org.springframework.beans.BeanInstantiationException: Failed to instantiate [javax.xml.ws.Endpoint]: Factory method 'endpoint' threw exception; nested exception is javax.xml.ws.WebServiceException: org.apache.cxf.service.factory.ServiceConstructionException: Could not find portType named {http://www.codecentric.de/namespace/deviceservice/}DeviceService
	at org.springframework.beans.factory.support.SimpleInstantiationStrategy.instantiate(SimpleInstantiationStrategy.java:189)
	at org.springframework.beans.factory.support.ConstructorResolver.instantiateUsingFactoryMethod(ConstructorResolver.java:588)
	... 23 common frames omitted
Caused by: javax.xml.ws.WebServiceException: org.apache.cxf.service.factory.ServiceConstructionException: Could not find portType named {http://www.codecentric.de/namespace/deviceservice/}DeviceService
	at org.apache.cxf.jaxws.EndpointImpl.doPublish(EndpointImpl.java:375)
	at org.apache.cxf.jaxws.EndpointImpl.publish(EndpointImpl.java:255)
	at com.dzs.seawind.web.configuration.SimpleBootCxfConfiguration.endpoint(SimpleBootCxfConfiguration.java:49)
	at com.dzs.seawind.web.configuration.SimpleBootCxfConfiguration$$EnhancerBySpringCGLIB$$b01745db.CGLIB$endpoint$2(<generated>)
	at com.dzs.seawind.web.configuration.SimpleBootCxfConfiguration$$EnhancerBySpringCGLIB$$b01745db$$FastClassBySpringCGLIB$$ab35583c.invoke(<generated>)
	at org.springframework.cglib.proxy.MethodProxy.invokeSuper(MethodProxy.java:228)
	at org.springframework.context.annotation.ConfigurationClassEnhancer$BeanMethodInterceptor.intercept(ConfigurationClassEnhancer.java:356)
	at com.dzs.seawind.web.configuration.SimpleBootCxfConfiguration$$EnhancerBySpringCGLIB$$b01745db.endpoint(<generated>)
	at sun.reflect.NativeMethodAccessorImpl.invoke0(Native Method)
	at sun.reflect.NativeMethodAccessorImpl.invoke(NativeMethodAccessorImpl.java:62)
	at sun.reflect.DelegatingMethodAccessorImpl.invoke(DelegatingMethodAccessorImpl.java:43)
	at java.lang.reflect.Method.invoke(Method.java:498)
	at org.springframework.beans.factory.support.SimpleInstantiationStrategy.instantiate(SimpleInstantiationStrategy.java:162)
	... 24 common frames omitted
Caused by: org.apache.cxf.service.factory.ServiceConstructionException: Could not find portType named {http://www.codecentric.de/namespace/deviceservice/}DeviceService
	at org.apache.cxf.wsdl.service.factory.ReflectionServiceFactoryBean.getInterfaceInfo(ReflectionServiceFactoryBean.java:633)
	at org.apache.cxf.wsdl.service.factory.ReflectionServiceFactoryBean.initializeWSDLOperations(ReflectionServiceFactoryBean.java:641)
	at org.apache.cxf.jaxws.support.JaxWsServiceFactoryBean.initializeWSDLOperations(JaxWsServiceFactoryBean.java:287)
	at org.apache.cxf.wsdl.service.factory.ReflectionServiceFactoryBean.buildServiceFromWSDL(ReflectionServiceFactoryBean.java:417)
	at org.apache.cxf.wsdl.service.factory.ReflectionServiceFactoryBean.initializeServiceModel(ReflectionServiceFactoryBean.java:527)
	at org.apache.cxf.wsdl.service.factory.ReflectionServiceFactoryBean.create(ReflectionServiceFactoryBean.java:262)
	at org.apache.cxf.jaxws.support.JaxWsServiceFactoryBean.create(JaxWsServiceFactoryBean.java:199)
	at org.apache.cxf.frontend.AbstractWSDLBasedEndpointFactory.createEndpoint(AbstractWSDLBasedEndpointFactory.java:102)
	at org.apache.cxf.frontend.ServerFactoryBean.create(ServerFactoryBean.java:168)
	at org.apache.cxf.jaxws.JaxWsServerFactoryBean.create(JaxWsServerFactoryBean.java:211)
	at org.apache.cxf.jaxws.EndpointImpl.getServer(EndpointImpl.java:460)
	at org.apache.cxf.jaxws.EndpointImpl.doPublish(EndpointImpl.java:338)
	... 36 common frames omitted
696051 [restartedMain] INFO  c.d.s.web.SeawindWebApplication - Starting SeawindWebApplication on DESKTOP-OB29B68 with PID 4668 (D:\Develop\Java\Github\spring\dzs-seawind\sw-web\target\classes started by Henrik in D:\Develop\Java\Github\spring\dzs-seawind\sw-web)
696052 [restartedMain] INFO  c.d.s.web.SeawindWebApplication - No active profile set, falling back to default profiles: default
696971 [restartedMain] INFO  o.a.catalina.core.StandardService - Starting service Tomcat
696972 [restartedMain] INFO  o.a.catalina.core.StandardEngine - Starting Servlet Engine: Apache Tomcat/8.5.5
696982 [localhost-startStop-1] INFO  o.a.c.c.C.[Tomcat].[localhost].[/] - Initializing Spring embedded WebApplicationContext
697253 [restartedMain] INFO  o.a.c.w.s.f.ReflectionServiceFactoryBean - Creating Service {http://www.codecentric.de/namespace/weatherservice/}Weather from WSDL: file:/D:/Develop/Java/Github/spring/dzs-seawind/sw-web/src/main/resources/service-api-definition/Weather1.0.wsdl
697523 [restartedMain] WARN  o.a.c.f.AbstractWSDLBasedEndpointFactory - Could not find endpoint/port for {http://endpoint.web.seawind.dzs.com/}WeatherServiceEndpointPort in wsdl. Using {http://www.codecentric.de/namespace/weatherservice/}WeatherService.
697530 [restartedMain] INFO  org.apache.cxf.endpoint.ServerImpl - Setting the server's publish address to be /WeatherSoapService_1.0
697542 [restartedMain] INFO  o.a.c.w.s.f.ReflectionServiceFactoryBean - Creating Service {http://www.codecentric.de/namespace/weatherservice/}Weather from WSDL: file:/D:/Develop/Java/Github/spring/dzs-seawind/sw-web/src/main/resources/service-api-definition/Weather1.0.wsdl
697544 [restartedMain] WARN  o.s.b.c.e.AnnotationConfigEmbeddedWebApplicationContext - Exception encountered during context initialization - cancelling refresh attempt: org.springframework.beans.factory.BeanCreationException: Error creating bean with name 'endpoint' defined in class path resource [com/dzs/seawind/web/configuration/SimpleBootCxfConfiguration.class]: Bean instantiation via factory method failed; nested exception is org.springframework.beans.BeanInstantiationException: Failed to instantiate [javax.xml.ws.Endpoint]: Factory method 'endpoint' threw exception; nested exception is javax.xml.ws.WebServiceException: org.apache.cxf.service.factory.ServiceConstructionException: Could not find portType named {http://www.codecentric.de/namespace/deviceservice/}DeviceService
697552 [restartedMain] INFO  o.a.catalina.core.StandardService - Stopping service Tomcat
697570 [restartedMain] ERROR o.s.boot.SpringApplication - Application startup failed
org.springframework.beans.factory.BeanCreationException: Error creating bean with name 'endpoint' defined in class path resource [com/dzs/seawind/web/configuration/SimpleBootCxfConfiguration.class]: Bean instantiation via factory method failed; nested exception is org.springframework.beans.BeanInstantiationException: Failed to instantiate [javax.xml.ws.Endpoint]: Factory method 'endpoint' threw exception; nested exception is javax.xml.ws.WebServiceException: org.apache.cxf.service.factory.ServiceConstructionException: Could not find portType named {http://www.codecentric.de/namespace/deviceservice/}DeviceService
	at org.springframework.beans.factory.support.ConstructorResolver.instantiateUsingFactoryMethod(ConstructorResolver.java:599)
	at org.springframework.beans.factory.support.AbstractAutowireCapableBeanFactory.instantiateUsingFactoryMethod(AbstractAutowireCapableBeanFactory.java:1128)
	at org.springframework.beans.factory.support.AbstractAutowireCapableBeanFactory.createBeanInstance(AbstractAutowireCapableBeanFactory.java:1023)
	at org.springframework.beans.factory.support.AbstractAutowireCapableBeanFactory.doCreateBean(AbstractAutowireCapableBeanFactory.java:510)
	at org.springframework.beans.factory.support.AbstractAutowireCapableBeanFactory.createBean(AbstractAutowireCapableBeanFactory.java:482)
	at org.springframework.beans.factory.support.AbstractBeanFactory$1.getObject(AbstractBeanFactory.java:306)
	at org.springframework.beans.factory.support.DefaultSingletonBeanRegistry.getSingleton(DefaultSingletonBeanRegistry.java:230)
	at org.springframework.beans.factory.support.AbstractBeanFactory.doGetBean(AbstractBeanFactory.java:302)
	at org.springframework.beans.factory.support.AbstractBeanFactory.getBean(AbstractBeanFactory.java:197)
	at org.springframework.beans.factory.support.DefaultListableBeanFactory.preInstantiateSingletons(DefaultListableBeanFactory.java:751)
	at org.springframework.context.support.AbstractApplicationContext.finishBeanFactoryInitialization(AbstractApplicationContext.java:861)
	at org.springframework.context.support.AbstractApplicationContext.refresh(AbstractApplicationContext.java:541)
	at org.springframework.boot.context.embedded.EmbeddedWebApplicationContext.refresh(EmbeddedWebApplicationContext.java:122)
	at org.springframework.boot.SpringApplication.refresh(SpringApplication.java:761)
	at org.springframework.boot.SpringApplication.refreshContext(SpringApplication.java:371)
	at org.springframework.boot.SpringApplication.run(SpringApplication.java:315)
	at org.springframework.boot.SpringApplication.run(SpringApplication.java:1186)
	at org.springframework.boot.SpringApplication.run(SpringApplication.java:1175)
	at com.dzs.seawind.web.SeawindWebApplication.main(SeawindWebApplication.java:10)
	at sun.reflect.NativeMethodAccessorImpl.invoke0(Native Method)
	at sun.reflect.NativeMethodAccessorImpl.invoke(NativeMethodAccessorImpl.java:62)
	at sun.reflect.DelegatingMethodAccessorImpl.invoke(DelegatingMethodAccessorImpl.java:43)
	at java.lang.reflect.Method.invoke(Method.java:498)
	at org.springframework.boot.devtools.restart.RestartLauncher.run(RestartLauncher.java:49)
Caused by: org.springframework.beans.BeanInstantiationException: Failed to instantiate [javax.xml.ws.Endpoint]: Factory method 'endpoint' threw exception; nested exception is javax.xml.ws.WebServiceException: org.apache.cxf.service.factory.ServiceConstructionException: Could not find portType named {http://www.codecentric.de/namespace/deviceservice/}DeviceService
	at org.springframework.beans.factory.support.SimpleInstantiationStrategy.instantiate(SimpleInstantiationStrategy.java:189)
	at org.springframework.beans.factory.support.ConstructorResolver.instantiateUsingFactoryMethod(ConstructorResolver.java:588)
	... 23 common frames omitted
Caused by: javax.xml.ws.WebServiceException: org.apache.cxf.service.factory.ServiceConstructionException: Could not find portType named {http://www.codecentric.de/namespace/deviceservice/}DeviceService
	at org.apache.cxf.jaxws.EndpointImpl.doPublish(EndpointImpl.java:375)
	at org.apache.cxf.jaxws.EndpointImpl.publish(EndpointImpl.java:255)
	at com.dzs.seawind.web.configuration.SimpleBootCxfConfiguration.endpoint(SimpleBootCxfConfiguration.java:49)
	at com.dzs.seawind.web.configuration.SimpleBootCxfConfiguration$$EnhancerBySpringCGLIB$$b01745db.CGLIB$endpoint$2(<generated>)
	at com.dzs.seawind.web.configuration.SimpleBootCxfConfiguration$$EnhancerBySpringCGLIB$$b01745db$$FastClassBySpringCGLIB$$ab35583c.invoke(<generated>)
	at org.springframework.cglib.proxy.MethodProxy.invokeSuper(MethodProxy.java:228)
	at org.springframework.context.annotation.ConfigurationClassEnhancer$BeanMethodInterceptor.intercept(ConfigurationClassEnhancer.java:356)
	at com.dzs.seawind.web.configuration.SimpleBootCxfConfiguration$$EnhancerBySpringCGLIB$$b01745db.endpoint(<generated>)
	at sun.reflect.NativeMethodAccessorImpl.invoke0(Native Method)
	at sun.reflect.NativeMethodAccessorImpl.invoke(NativeMethodAccessorImpl.java:62)
	at sun.reflect.DelegatingMethodAccessorImpl.invoke(DelegatingMethodAccessorImpl.java:43)
	at java.lang.reflect.Method.invoke(Method.java:498)
	at org.springframework.beans.factory.support.SimpleInstantiationStrategy.instantiate(SimpleInstantiationStrategy.java:162)
	... 24 common frames omitted
Caused by: org.apache.cxf.service.factory.ServiceConstructionException: Could not find portType named {http://www.codecentric.de/namespace/deviceservice/}DeviceService
	at org.apache.cxf.wsdl.service.factory.ReflectionServiceFactoryBean.getInterfaceInfo(ReflectionServiceFactoryBean.java:633)
	at org.apache.cxf.wsdl.service.factory.ReflectionServiceFactoryBean.initializeWSDLOperations(ReflectionServiceFactoryBean.java:641)
	at org.apache.cxf.jaxws.support.JaxWsServiceFactoryBean.initializeWSDLOperations(JaxWsServiceFactoryBean.java:287)
	at org.apache.cxf.wsdl.service.factory.ReflectionServiceFactoryBean.buildServiceFromWSDL(ReflectionServiceFactoryBean.java:417)
	at org.apache.cxf.wsdl.service.factory.ReflectionServiceFactoryBean.initializeServiceModel(ReflectionServiceFactoryBean.java:527)
	at org.apache.cxf.wsdl.service.factory.ReflectionServiceFactoryBean.create(ReflectionServiceFactoryBean.java:262)
	at org.apache.cxf.jaxws.support.JaxWsServiceFactoryBean.create(JaxWsServiceFactoryBean.java:199)
	at org.apache.cxf.frontend.AbstractWSDLBasedEndpointFactory.createEndpoint(AbstractWSDLBasedEndpointFactory.java:102)
	at org.apache.cxf.frontend.ServerFactoryBean.create(ServerFactoryBean.java:168)
	at org.apache.cxf.jaxws.JaxWsServerFactoryBean.create(JaxWsServerFactoryBean.java:211)
	at org.apache.cxf.jaxws.EndpointImpl.getServer(EndpointImpl.java:460)
	at org.apache.cxf.jaxws.EndpointImpl.doPublish(EndpointImpl.java:338)
	... 36 common frames omitted
723  [restartedMain] INFO  c.d.s.web.SeawindWebApplication - Starting SeawindWebApplication on DESKTOP-OB29B68 with PID 12828 (D:\Develop\Java\Github\spring\dzs-seawind\sw-web\target\classes started by Henrik in D:\Develop\Java\Github\spring\dzs-seawind\sw-web)
727  [restartedMain] INFO  c.d.s.web.SeawindWebApplication - No active profile set, falling back to default profiles: default
2787 [restartedMain] INFO  o.a.catalina.core.StandardService - Starting service Tomcat
2788 [restartedMain] INFO  o.a.catalina.core.StandardEngine - Starting Servlet Engine: Apache Tomcat/8.5.5
2878 [localhost-startStop-1] INFO  o.a.c.c.C.[Tomcat].[localhost].[/] - Initializing Spring embedded WebApplicationContext
3667 [restartedMain] INFO  o.a.c.w.s.f.ReflectionServiceFactoryBean - Creating Service {http://www.codecentric.de/namespace/weatherservice/}Weather from WSDL: file:/D:/Develop/Java/Github/spring/dzs-seawind/sw-web/src/main/resources/service-api-definition/Weather1.0.wsdl
4060 [restartedMain] WARN  o.a.c.f.AbstractWSDLBasedEndpointFactory - Could not find endpoint/port for {http://endpoint.web.seawind.dzs.com/}WeatherServiceEndpointPort in wsdl. Using {http://www.codecentric.de/namespace/weatherservice/}WeatherService.
4075 [restartedMain] INFO  org.apache.cxf.endpoint.ServerImpl - Setting the server's publish address to be /WeatherSoapService_1.0
4084 [restartedMain] INFO  o.a.c.w.s.f.ReflectionServiceFactoryBean - Creating Service {http://www.codecentric.de/namespace/weatherservice/}Weather from WSDL: file:/D:/Develop/Java/Github/spring/dzs-seawind/sw-web/src/main/resources/service-api-definition/Weather1.0.wsdl
4086 [restartedMain] WARN  o.s.b.c.e.AnnotationConfigEmbeddedWebApplicationContext - Exception encountered during context initialization - cancelling refresh attempt: org.springframework.beans.factory.BeanCreationException: Error creating bean with name 'endpoint' defined in class path resource [com/dzs/seawind/web/configuration/SimpleBootCxfConfiguration.class]: Bean instantiation via factory method failed; nested exception is org.springframework.beans.BeanInstantiationException: Failed to instantiate [javax.xml.ws.Endpoint]: Factory method 'endpoint' threw exception; nested exception is javax.xml.ws.WebServiceException: org.apache.cxf.service.factory.ServiceConstructionException: Could not find portType named {http://www.codecentric.de/namespace/deviceservice/}DeviceService
4090 [restartedMain] INFO  o.a.catalina.core.StandardService - Stopping service Tomcat
4109 [restartedMain] ERROR o.s.boot.SpringApplication - Application startup failed
org.springframework.beans.factory.BeanCreationException: Error creating bean with name 'endpoint' defined in class path resource [com/dzs/seawind/web/configuration/SimpleBootCxfConfiguration.class]: Bean instantiation via factory method failed; nested exception is org.springframework.beans.BeanInstantiationException: Failed to instantiate [javax.xml.ws.Endpoint]: Factory method 'endpoint' threw exception; nested exception is javax.xml.ws.WebServiceException: org.apache.cxf.service.factory.ServiceConstructionException: Could not find portType named {http://www.codecentric.de/namespace/deviceservice/}DeviceService
	at org.springframework.beans.factory.support.ConstructorResolver.instantiateUsingFactoryMethod(ConstructorResolver.java:599)
	at org.springframework.beans.factory.support.AbstractAutowireCapableBeanFactory.instantiateUsingFactoryMethod(AbstractAutowireCapableBeanFactory.java:1128)
	at org.springframework.beans.factory.support.AbstractAutowireCapableBeanFactory.createBeanInstance(AbstractAutowireCapableBeanFactory.java:1023)
	at org.springframework.beans.factory.support.AbstractAutowireCapableBeanFactory.doCreateBean(AbstractAutowireCapableBeanFactory.java:510)
	at org.springframework.beans.factory.support.AbstractAutowireCapableBeanFactory.createBean(AbstractAutowireCapableBeanFactory.java:482)
	at org.springframework.beans.factory.support.AbstractBeanFactory$1.getObject(AbstractBeanFactory.java:306)
	at org.springframework.beans.factory.support.DefaultSingletonBeanRegistry.getSingleton(DefaultSingletonBeanRegistry.java:230)
	at org.springframework.beans.factory.support.AbstractBeanFactory.doGetBean(AbstractBeanFactory.java:302)
	at org.springframework.beans.factory.support.AbstractBeanFactory.getBean(AbstractBeanFactory.java:197)
	at org.springframework.beans.factory.support.DefaultListableBeanFactory.preInstantiateSingletons(DefaultListableBeanFactory.java:751)
	at org.springframework.context.support.AbstractApplicationContext.finishBeanFactoryInitialization(AbstractApplicationContext.java:861)
	at org.springframework.context.support.AbstractApplicationContext.refresh(AbstractApplicationContext.java:541)
	at org.springframework.boot.context.embedded.EmbeddedWebApplicationContext.refresh(EmbeddedWebApplicationContext.java:122)
	at org.springframework.boot.SpringApplication.refresh(SpringApplication.java:761)
	at org.springframework.boot.SpringApplication.refreshContext(SpringApplication.java:371)
	at org.springframework.boot.SpringApplication.run(SpringApplication.java:315)
	at org.springframework.boot.SpringApplication.run(SpringApplication.java:1186)
	at org.springframework.boot.SpringApplication.run(SpringApplication.java:1175)
	at com.dzs.seawind.web.SeawindWebApplication.main(SeawindWebApplication.java:10)
	at sun.reflect.NativeMethodAccessorImpl.invoke0(Native Method)
	at sun.reflect.NativeMethodAccessorImpl.invoke(NativeMethodAccessorImpl.java:62)
	at sun.reflect.DelegatingMethodAccessorImpl.invoke(DelegatingMethodAccessorImpl.java:43)
	at java.lang.reflect.Method.invoke(Method.java:498)
	at org.springframework.boot.devtools.restart.RestartLauncher.run(RestartLauncher.java:49)
Caused by: org.springframework.beans.BeanInstantiationException: Failed to instantiate [javax.xml.ws.Endpoint]: Factory method 'endpoint' threw exception; nested exception is javax.xml.ws.WebServiceException: org.apache.cxf.service.factory.ServiceConstructionException: Could not find portType named {http://www.codecentric.de/namespace/deviceservice/}DeviceService
	at org.springframework.beans.factory.support.SimpleInstantiationStrategy.instantiate(SimpleInstantiationStrategy.java:189)
	at org.springframework.beans.factory.support.ConstructorResolver.instantiateUsingFactoryMethod(ConstructorResolver.java:588)
	... 23 common frames omitted
Caused by: javax.xml.ws.WebServiceException: org.apache.cxf.service.factory.ServiceConstructionException: Could not find portType named {http://www.codecentric.de/namespace/deviceservice/}DeviceService
	at org.apache.cxf.jaxws.EndpointImpl.doPublish(EndpointImpl.java:375)
	at org.apache.cxf.jaxws.EndpointImpl.publish(EndpointImpl.java:255)
	at com.dzs.seawind.web.configuration.SimpleBootCxfConfiguration.endpoint(SimpleBootCxfConfiguration.java:49)
	at com.dzs.seawind.web.configuration.SimpleBootCxfConfiguration$$EnhancerBySpringCGLIB$$fd198d4b.CGLIB$endpoint$5(<generated>)
	at com.dzs.seawind.web.configuration.SimpleBootCxfConfiguration$$EnhancerBySpringCGLIB$$fd198d4b$$FastClassBySpringCGLIB$$99cc009.invoke(<generated>)
	at org.springframework.cglib.proxy.MethodProxy.invokeSuper(MethodProxy.java:228)
	at org.springframework.context.annotation.ConfigurationClassEnhancer$BeanMethodInterceptor.intercept(ConfigurationClassEnhancer.java:356)
	at com.dzs.seawind.web.configuration.SimpleBootCxfConfiguration$$EnhancerBySpringCGLIB$$fd198d4b.endpoint(<generated>)
	at sun.reflect.NativeMethodAccessorImpl.invoke0(Native Method)
	at sun.reflect.NativeMethodAccessorImpl.invoke(NativeMethodAccessorImpl.java:62)
	at sun.reflect.DelegatingMethodAccessorImpl.invoke(DelegatingMethodAccessorImpl.java:43)
	at java.lang.reflect.Method.invoke(Method.java:498)
	at org.springframework.beans.factory.support.SimpleInstantiationStrategy.instantiate(SimpleInstantiationStrategy.java:162)
	... 24 common frames omitted
Caused by: org.apache.cxf.service.factory.ServiceConstructionException: Could not find portType named {http://www.codecentric.de/namespace/deviceservice/}DeviceService
	at org.apache.cxf.wsdl.service.factory.ReflectionServiceFactoryBean.getInterfaceInfo(ReflectionServiceFactoryBean.java:633)
	at org.apache.cxf.wsdl.service.factory.ReflectionServiceFactoryBean.initializeWSDLOperations(ReflectionServiceFactoryBean.java:641)
	at org.apache.cxf.jaxws.support.JaxWsServiceFactoryBean.initializeWSDLOperations(JaxWsServiceFactoryBean.java:287)
	at org.apache.cxf.wsdl.service.factory.ReflectionServiceFactoryBean.buildServiceFromWSDL(ReflectionServiceFactoryBean.java:417)
	at org.apache.cxf.wsdl.service.factory.ReflectionServiceFactoryBean.initializeServiceModel(ReflectionServiceFactoryBean.java:527)
	at org.apache.cxf.wsdl.service.factory.ReflectionServiceFactoryBean.create(ReflectionServiceFactoryBean.java:262)
	at org.apache.cxf.jaxws.support.JaxWsServiceFactoryBean.create(JaxWsServiceFactoryBean.java:199)
	at org.apache.cxf.frontend.AbstractWSDLBasedEndpointFactory.createEndpoint(AbstractWSDLBasedEndpointFactory.java:102)
	at org.apache.cxf.frontend.ServerFactoryBean.create(ServerFactoryBean.java:168)
	at org.apache.cxf.jaxws.JaxWsServerFactoryBean.create(JaxWsServerFactoryBean.java:211)
	at org.apache.cxf.jaxws.EndpointImpl.getServer(EndpointImpl.java:460)
	at org.apache.cxf.jaxws.EndpointImpl.doPublish(EndpointImpl.java:338)
	... 36 common frames omitted
